<?xml version="1.0" encoding="UTF-8"?>
<testng-results skipped="0" failed="0" total="1" passed="1">
  <reporter-output>
  </reporter-output>
  <suite name="Suite" duration-ms="36010" started-at="2017-02-28T06:13:05Z" finished-at="2017-02-28T06:13:41Z">
    <groups>
    </groups>
    <test name="Test" duration-ms="36010" started-at="2017-02-28T06:13:05Z" finished-at="2017-02-28T06:13:41Z">
      <class name="demo.NewTest">
        <test-method status="PASS" signature="beforeTest()[pri:0, instance:demo.NewTest@5594a1b5]" name="beforeTest" is-config="true" duration-ms="26584" started-at="2017-02-28T11:43:05Z" finished-at="2017-02-28T11:43:31Z">
          <reporter-output>
          </reporter-output>
        </test-method> <!-- beforeTest -->
        <test-method status="PASS" signature="testEasy()[pri:0, instance:demo.NewTest@5594a1b5]" name="testEasy" duration-ms="8215" started-at="2017-02-28T11:43:31Z" finished-at="2017-02-28T11:43:40Z">
          <reporter-output>
          </reporter-output>
        </test-method> <!-- testEasy -->
        <test-method status="PASS" signature="afterTest()[pri:0, instance:demo.NewTest@5594a1b5]" name="afterTest" is-config="true" duration-ms="1155" started-at="2017-02-28T11:43:40Z" finished-at="2017-02-28T11:43:41Z">
          <reporter-output>
          </reporter-output>
        </test-method> <!-- afterTest -->
      </class> <!-- demo.NewTest -->
    </test> <!-- Test -->
  </suite> <!-- Suite -->
</testng-results>
